-------------------------------------------------------------------------------
Test set: com.stackroute.wishlistms.DemoApplicationTests
-------------------------------------------------------------------------------
Tests run: 1, Failures: 0, Errors: 1, Skipped: 0, Time elapsed: 3.194 s <<< FAILURE! - in com.stackroute.wishlistms.DemoApplicationTests
contextLoads  Time elapsed: 0.001 s  <<< ERROR!
java.lang.IllegalStateException: Failed to load ApplicationContext
Caused by: org.springframework.beans.factory.UnsatisfiedDependencyException: Error creating bean with name 'wishListRestApi': Unsatisfied dependency expressed through field 'service'; nested exception is org.springframework.beans.factory.UnsatisfiedDependencyException: Error creating bean with name 'wishListServiceImpl': Unsatisfied dependency expressed through field 'repository'; nested exception is org.springframework.beans.factory.BeanCreationException: Error creating bean with name 'ICityInfoRepository' defined in com.stackroute.wishlistms.repository.ICityInfoRepository defined in @EnableMongoRepositories declared on MongoRepositoriesRegistrar.EnableMongoRepositoriesConfiguration: Invocation of init method failed; nested exception is org.springframework.data.repository.query.QueryCreationException: Could not create query for public abstract java.util.List com.stackroute.wishlistms.repository.ICityInfoRepository.findByUserId(java.lang.String)! Reason: No property 'userId' found for type 'CityInfo'!; nested exception is org.springframework.data.mapping.PropertyReferenceException: No property 'userId' found for type 'CityInfo'!
Caused by: org.springframework.beans.factory.UnsatisfiedDependencyException: Error creating bean with name 'wishListServiceImpl': Unsatisfied dependency expressed through field 'repository'; nested exception is org.springframework.beans.factory.BeanCreationException: Error creating bean with name 'ICityInfoRepository' defined in com.stackroute.wishlistms.repository.ICityInfoRepository defined in @EnableMongoRepositories declared on MongoRepositoriesRegistrar.EnableMongoRepositoriesConfiguration: Invocation of init method failed; nested exception is org.springframework.data.repository.query.QueryCreationException: Could not create query for public abstract java.util.List com.stackroute.wishlistms.repository.ICityInfoRepository.findByUserId(java.lang.String)! Reason: No property 'userId' found for type 'CityInfo'!; nested exception is org.springframework.data.mapping.PropertyReferenceException: No property 'userId' found for type 'CityInfo'!
Caused by: org.springframework.beans.factory.BeanCreationException: Error creating bean with name 'ICityInfoRepository' defined in com.stackroute.wishlistms.repository.ICityInfoRepository defined in @EnableMongoRepositories declared on MongoRepositoriesRegistrar.EnableMongoRepositoriesConfiguration: Invocation of init method failed; nested exception is org.springframework.data.repository.query.QueryCreationException: Could not create query for public abstract java.util.List com.stackroute.wishlistms.repository.ICityInfoRepository.findByUserId(java.lang.String)! Reason: No property 'userId' found for type 'CityInfo'!; nested exception is org.springframework.data.mapping.PropertyReferenceException: No property 'userId' found for type 'CityInfo'!
Caused by: org.springframework.data.repository.query.QueryCreationException: Could not create query for public abstract java.util.List com.stackroute.wishlistms.repository.ICityInfoRepository.findByUserId(java.lang.String)! Reason: No property 'userId' found for type 'CityInfo'!; nested exception is org.springframework.data.mapping.PropertyReferenceException: No property 'userId' found for type 'CityInfo'!
Caused by: org.springframework.data.mapping.PropertyReferenceException: No property 'userId' found for type 'CityInfo'!

